c:\users\leemc\source\repos\directx12_mpj\middleproject\x64\release\vc143.pdb
c:\users\leemc\source\repos\directx12_mpj\middleproject\x64\release\timer.obj
c:\users\leemc\source\repos\directx12_mpj\middleproject\x64\release\stdafx.obj
c:\users\leemc\source\repos\directx12_mpj\middleproject\x64\release\scene.obj
c:\users\leemc\source\repos\directx12_mpj\middleproject\x64\release\player.obj
c:\users\leemc\source\repos\directx12_mpj\middleproject\x64\release\mesh.obj
c:\users\leemc\source\repos\directx12_mpj\middleproject\x64\release\middleproject.obj
c:\users\leemc\source\repos\directx12_mpj\middleproject\x64\release\graphicspipeline.obj
c:\users\leemc\source\repos\directx12_mpj\middleproject\x64\release\gameobject.obj
c:\users\leemc\source\repos\directx12_mpj\middleproject\x64\release\gameframework.obj
c:\users\leemc\source\repos\directx12_mpj\middleproject\x64\release\camera.obj
c:\users\leemc\source\repos\directx12_mpj\x64\release\middleproject.exe
c:\users\leemc\source\repos\directx12_mpj\middleproject\x64\release\middleproject.ipdb
c:\users\leemc\source\repos\directx12_mpj\x64\release\middleproject.pdb
c:\users\leemc\source\repos\directx12_mpj\middleproject\x64\release\middleproject.iobj
c:\users\leemc\source\repos\directx12_mpj\middleproject\x64\release\middleproject.res
c:\users\leemc\source\repos\directx12_mpj\middleproject\x64\release\middleproject.tlog\cl.command.1.tlog
c:\users\leemc\source\repos\directx12_mpj\middleproject\x64\release\middleproject.tlog\cl.read.1.tlog
c:\users\leemc\source\repos\directx12_mpj\middleproject\x64\release\middleproject.tlog\cl.write.1.tlog
c:\users\leemc\source\repos\directx12_mpj\middleproject\x64\release\middleproject.tlog\link.command.1.tlog
c:\users\leemc\source\repos\directx12_mpj\middleproject\x64\release\middleproject.tlog\link.read.1.tlog
c:\users\leemc\source\repos\directx12_mpj\middleproject\x64\release\middleproject.tlog\link.write.1.tlog
c:\users\leemc\source\repos\directx12_mpj\middleproject\x64\release\middleproject.tlog\rc.command.1.tlog
c:\users\leemc\source\repos\directx12_mpj\middleproject\x64\release\middleproject.tlog\rc.read.1.tlog
c:\users\leemc\source\repos\directx12_mpj\middleproject\x64\release\middleproject.tlog\rc.write.1.tlog
